<?xml version="1.0" encoding="UTF-8"?>
<!-- Generated by org.testng.reporters.JUnitReportReporter -->
<testsuite hostname="DESKTOP-I6AMPCE" name="com.expedia.flightsbooking.TestNG_Grouping" tests="4" failures="0" timestamp="19 Jul 2017 13:16:09 GMT" time="0.002" errors="0">
  <testcase name="HondaAccord" time="0.000" classname="com.expedia.flightsbooking.TestNG_Grouping"/>
  <testcase name="AudiA6" time="0.001" classname="com.expedia.flightsbooking.TestNG_Grouping"/>
  <testcase name="BMW3Series" time="0.000" classname="com.expedia.flightsbooking.TestNG_Grouping"/>
  <testcase name="BMWX3" time="0.001" classname="com.expedia.flightsbooking.TestNG_Grouping"/>
</testsuite> <!-- com.expedia.flightsbooking.TestNG_Grouping -->
