<?xml version="1.0" encoding="UTF-8"?>
<!-- Generated by org.testng.reporters.JUnitReportReporter -->
<testsuite hostname="DESKTOP-I6AMPCE" name="com.expedia.flightsbooking.TestNG_TestSuite" tests="1" failures="0" timestamp="19 Jul 2017 07:43:35 GMT" time="7.266" errors="0">
  <testcase name="fillBasicInfo" time="7.266" classname="com.expedia.flightsbooking.TestNG_TestSuite"/>
</testsuite> <!-- com.expedia.flightsbooking.TestNG_TestSuite -->
