<?xml version="1.0" encoding="UTF-8"?>
<!-- Generated by org.testng.reporters.JUnitReportReporter -->
<testsuite hostname="DESKTOP-I6AMPCE" name="com.expedia.flightsbooking.TestNG_TestSuite" tests="1" failures="0" timestamp="19 Jul 2017 13:16:09 GMT" time="5.457" errors="0">
  <testcase name="fillBasicInfo" time="5.457" classname="com.expedia.flightsbooking.TestNG_TestSuite"/>
</testsuite> <!-- com.expedia.flightsbooking.TestNG_TestSuite -->
